Usando la configuraci¢n de inicio de C:\walonso\Estudio\Net core\Create WEP API\Code\RetailApi\Properties\launchSettings.json...
info: Microsoft.EntityFrameworkCore.Infrastructure[10403]
      Entity Framework Core 2.1.1-rtm-30846 initialized 'ProductsContext' using provider 'Microsoft.EntityFrameworkCore.InMemory' with options: StoreName=Products 
info: Microsoft.EntityFrameworkCore.Update[30100]
      Saved 0 entities to in-memory store.
info: Microsoft.EntityFrameworkCore.Infrastructure[10403]
      Entity Framework Core 2.1.1-rtm-30846 initialized 'ProductsContext' using provider 'Microsoft.EntityFrameworkCore.InMemory' with options: StoreName=Products 
info: Microsoft.EntityFrameworkCore.Update[30100]
      Saved 2 entities to in-memory store.
info: Microsoft.AspNetCore.DataProtection.KeyManagement.XmlKeyManager[0]
      User profile is available. Using 'C:\Users\kokor\AppData\Local\ASP.NET\DataProtection-Keys' as key repository and Windows DPAPI to encrypt keys at rest.
Hosting environment: Development
Content root path: C:\walonso\Estudio\Net core\Create WEP API\Code\RetailApi
Now listening on: https://localhost:5001
Now listening on: http://localhost:5000
Application started. Press Ctrl+C to shut down.
info: Microsoft.AspNetCore.Hosting.Internal.WebHost[1]
      Request starting HTTP/1.1 GET https://localhost:5001/  
info: Microsoft.AspNetCore.Hosting.Internal.WebHost[2]
      Request finished in 391.8752ms 404 
Application is shutting down...
